#
# A fatal error has been detected by the Java Runtime Environment:
#
#  EXCEPTION_ACCESS_VIOLATION (0xc0000005) at pc=0x6d96aad9, pid=16320, tid=14864
#
# JRE version: 6.0_38-b05
# Java VM: Java HotSpot(TM) Client VM (20.13-b02 mixed mode windows-x86 )
# Problematic frame:
# V  [jvm.dll+0xaaad9]
#
# If you would like to submit a bug report, please visit:
#   http://java.sun.com/webapps/bugreport/crash.jsp
#

---------------  T H R E A D  ---------------

Current thread (0x01dec800):  JavaThread "JDWP Transport Listener: dt_socket" daemon [_thread_in_vm, id=14864, stack(0x1cac0000,0x1cb10000)]

siginfo: ExceptionCode=0xc0000005, reading address 0x3bfff004

Registers:
EAX=0x003b003b, EBX=0x00000000, ECX=0x000071ee, EDX=0x00000000
ESP=0x1cb0fa14, EBP=0x1cb0fa18, ESI=0x3bfff000, EDI=0x003b7ff8
EIP=0x6d96aad9, EFLAGS=0x00010213

Top of Stack: (sp=0x1cb0fa14)
0x1cb0fa14:   01dec800 1cb0fa40 6da593d2 003b003b
0x1cb0fa24:   1cb0fac4 1cb0fa7b 01dec800 00000000
0x1cb0fa34:   00000000 00000000 01dec800 1cb0fa7c
0x1cb0fa44:   6d439770 003b7ff8 003b003b 1cb0fa7b
0x1cb0fa54:   003b003b 6d4242c9 003b003b 1cb0fa7b
0x1cb0fa64:   00000009 00000000 00000000 00000009
0x1cb0fa74:   00000000 00b0fa9c 1cb0fa9c 6d424434
0x1cb0fa84:   00000001 1cb0fab8 1cb0fc54 6d442b02 

Instructions: (pc=0x6d96aad9)
0x6d96aab9:   cc cc cc cc cc cc cc 55 8b ec 8b 45 08 85 c0 56
0x6d96aac9:   74 25 8b 30 85 f6 74 1f 81 fe fe fe fe fe 74 17
0x6d96aad9:   8b 46 04 8d 48 08 8b 01 ff 90 90 00 00 00 84 c0
0x6d96aae9:   74 05 8b c6 5e 5d c3 33 c0 5e 5d c3 cc cc cc cc 


Register to memory mapping:

EAX=0x003b003b is an unknown value
EBX=0x00000000 is an unknown value
ECX=0x000071ee is an unknown value
EDX=0x00000000 is an unknown value
ESP=0x1cb0fa14 is pointing into the stack for thread: 0x01dec800
EBP=0x1cb0fa18 is pointing into the stack for thread: 0x01dec800
ESI=0x3bfff000 is an unknown value
EDI=0x003b7ff8 is an unknown value


Stack: [0x1cac0000,0x1cb10000],  sp=0x1cb0fa14,  free space=318k
Native frames: (J=compiled Java code, j=interpreted, Vv=VM code, C=native code)
V  [jvm.dll+0xaaad9]
V  [jvm.dll+0x1993d2]
C  [jdwp.dll+0x19770]  Agent_OnLoad+0xe6e5
C  [jdwp.dll+0x4434]
C  [jdwp.dll+0x4472]
C  [jdwp.dll+0x17d55]  Agent_OnLoad+0xccca
V  [jvm.dll+0x14215c]
C  [msvcr71.dll+0x9565]  endthreadex+0xa0
C  [kernel32.dll+0x133aa]  BaseThreadInitThunk+0x12
C  [ntdll.dll+0x39ef2]  RtlInitializeExceptionChain+0x63
C  [ntdll.dll+0x39ec5]  RtlInitializeExceptionChain+0x36


---------------  P R O C E S S  ---------------

Java Threads: ( => current thread )
  0x1d847000 JavaThread "7777071@qtp-10059989-0-EventThread" daemon [_thread_blocked, id=10444, stack(0x1e250000,0x1e2a0000)]
  0x1d770400 JavaThread "7777071@qtp-10059989-0-SendThread(hbase:2181)" daemon [_thread_in_native, id=15848, stack(0x1e1c0000,0x1e210000)]
  0x1d83dc00 JavaThread "transporter-pool-1-thread-1" daemon [_thread_blocked, id=14936, stack(0x1e130000,0x1e180000)]
  0x1d93f000 JavaThread "Timer-0" daemon [_thread_blocked, id=15480, stack(0x1dee0000,0x1df30000)]
  0x1cede400 JavaThread "8000886@qtp-10059989-1 - Acceptor0 SelectChannelConnector@0.0.0.0:8080" [_thread_in_native, id=15828, stack(0x1d250000,0x1d2a0000)]
  0x1ced3000 JavaThread "7777071@qtp-10059989-0" [_thread_blocked, id=15032, stack(0x1d1c0000,0x1d210000)]
  0x1ced2800 JavaThread "Thread-2" [_thread_in_native, id=13700, stack(0x1d130000,0x1d180000)]
  0x1ced2400 JavaThread "Thread-1" [_thread_blocked, id=1812, stack(0x1d0a0000,0x1d0f0000)]
  0x01e04c00 JavaThread "Low Memory Detector" daemon [_thread_blocked, id=14044, stack(0x1cd80000,0x1cdd0000)]
  0x01e02000 JavaThread "C1 CompilerThread0" daemon [_thread_blocked, id=10128, stack(0x1ccf0000,0x1cd40000)]
  0x01df3c00 JavaThread "JDWP Command Reader" daemon [_thread_in_native, id=15860, stack(0x1cc20000,0x1cc70000)]
  0x01df2800 JavaThread "JDWP Event Helper Thread" daemon [_thread_blocked, id=15048, stack(0x1cb90000,0x1cbe0000)]
=>0x01dec800 JavaThread "JDWP Transport Listener: dt_socket" daemon [_thread_in_vm, id=14864, stack(0x1cac0000,0x1cb10000)]
  0x01dbd000 JavaThread "Attach Listener" daemon [_thread_blocked, id=15284, stack(0x1c850000,0x1c8a0000)]
  0x01dba000 JavaThread "Signal Dispatcher" daemon [_thread_blocked, id=15996, stack(0x1c7c0000,0x1c810000)]
  0x01dafc00 JavaThread "Finalizer" daemon [_thread_blocked, id=12328, stack(0x1c730000,0x1c780000)]
  0x01dab000 JavaThread "Reference Handler" daemon [_thread_blocked, id=14472, stack(0x1c6a0000,0x1c6f0000)]
  0x003bb400 JavaThread "main" [_thread_blocked, id=1784, stack(0x00430000,0x00480000)]

Other Threads:
  0x01da7800 VMThread [stack: 0x1c610000,0x1c660000] [id=15552]
  0x01e0b400 WatcherThread [stack: 0x1d010000,0x1d060000] [id=15992]

VM state:not at safepoint (normal execution)

VM Mutex/Monitor currently owned by a thread: None

Heap
 def new generation   total 4992K, used 2062K [0x04500000, 0x04a60000, 0x09a50000)
  eden space 4480K,  37% used [0x04500000, 0x046a7228, 0x04960000)
  from space 512K,  72% used [0x04960000, 0x049bc880, 0x049e0000)
  to   space 512K,   0% used [0x049e0000, 0x049e0000, 0x04a60000)
 tenured generation   total 10944K, used 3764K [0x09a50000, 0x0a500000, 0x14500000)
   the space 10944K,  34% used [0x09a50000, 0x09dfd3a8, 0x09dfd400, 0x0a500000)
 compacting perm gen  total 19456K, used 19400K [0x14500000, 0x15800000, 0x1c500000)
   the space 19456K,  99% used [0x14500000, 0x157f23a0, 0x157f2400, 0x15800000)
No shared spaces configured.

Code Cache  [0x02500000, 0x02760000, 0x04500000)
 total_blobs=1086 nmethods=923 adapters=106 free_code_cache=31088832 largest_free_block=256

Dynamic libraries:
0x00400000 - 0x00425000 	C:\Program Files (x86)\Java\jdk1.6.0_38\bin\javaw.exe
0x77570000 - 0x776f0000 	C:\Windows\SysWOW64\ntdll.dll
0x76710000 - 0x76820000 	C:\Windows\syswow64\kernel32.dll
0x75200000 - 0x75247000 	C:\Windows\syswow64\KERNELBASE.dll
0x76a40000 - 0x76ae0000 	C:\Windows\syswow64\ADVAPI32.dll
0x76320000 - 0x763cc000 	C:\Windows\syswow64\msvcrt.dll
0x77050000 - 0x77069000 	C:\Windows\SysWOW64\sechost.dll
0x76ce0000 - 0x76dd0000 	C:\Windows\syswow64\RPCRT4.dll
0x750d0000 - 0x75130000 	C:\Windows\syswow64\SspiCli.dll
0x750c0000 - 0x750cc000 	C:\Windows\syswow64\CRYPTBASE.dll
0x76220000 - 0x76320000 	C:\Windows\syswow64\USER32.dll
0x76150000 - 0x761e0000 	C:\Windows\syswow64\GDI32.dll
0x76960000 - 0x7696a000 	C:\Windows\syswow64\LPK.dll
0x768c0000 - 0x7695d000 	C:\Windows\syswow64\USP10.dll
0x760a0000 - 0x76100000 	C:\Windows\system32\IMM32.DLL
0x75130000 - 0x751fc000 	C:\Windows\syswow64\MSCTF.dll
0x7c340000 - 0x7c396000 	C:\Program Files (x86)\Java\jdk1.6.0_38\jre\bin\msvcr71.dll
0x6d8c0000 - 0x6db70000 	C:\Program Files (x86)\Java\jdk1.6.0_38\jre\bin\client\jvm.dll
0x74160000 - 0x74192000 	C:\Windows\system32\WINMM.dll
0x72fb0000 - 0x72ffc000 	C:\Windows\system32\apphelp.dll
0x6d870000 - 0x6d87c000 	C:\Program Files (x86)\Java\jdk1.6.0_38\jre\bin\verify.dll
0x6d3d0000 - 0x6d3ef000 	C:\Program Files (x86)\Java\jdk1.6.0_38\jre\bin\java.dll
0x6d420000 - 0x6d449000 	C:\Program Files (x86)\Java\jdk1.6.0_38\jre\bin\jdwp.dll
0x6d740000 - 0x6d746000 	C:\Program Files (x86)\Java\jdk1.6.0_38\jre\bin\npt.dll
0x6d8b0000 - 0x6d8bf000 	C:\Program Files (x86)\Java\jdk1.6.0_38\jre\bin\zip.dll
0x6d2b0000 - 0x6d2b7000 	C:\Program Files (x86)\Java\jdk1.6.0_38\jre\bin\dt_socket.dll
0x763d0000 - 0x76405000 	C:\Windows\syswow64\WS2_32.dll
0x77540000 - 0x77546000 	C:\Windows\syswow64\NSI.dll
0x73c90000 - 0x73ca0000 	C:\Windows\system32\NLAapi.dll
0x73c60000 - 0x73c70000 	C:\Windows\system32\napinsp.dll
0x73c40000 - 0x73c52000 	C:\Windows\system32\pnrpnsp.dll
0x73c00000 - 0x73c3c000 	C:\Windows\System32\mswsock.dll
0x73d30000 - 0x73d74000 	C:\Windows\system32\DNSAPI.dll
0x73bf0000 - 0x73bf8000 	C:\Windows\System32\winrnr.dll
0x72950000 - 0x7296c000 	C:\Windows\system32\IPHLPAPI.DLL
0x72940000 - 0x72947000 	C:\Windows\system32\WINNSI.DLL
0x73b80000 - 0x73bb8000 	C:\Windows\System32\fwpuclnt.dll
0x73bc0000 - 0x73bc6000 	C:\Windows\system32\rasadhlp.dll
0x73be0000 - 0x73be5000 	C:\Windows\System32\wshtcpip.dll
0x6d6b0000 - 0x6d6c3000 	C:\Program Files (x86)\Java\jdk1.6.0_38\jre\bin\net.dll
0x73bd0000 - 0x73bd6000 	C:\Windows\System32\wship6.dll
0x6d6d0000 - 0x6d6d9000 	C:\Program Files (x86)\Java\jdk1.6.0_38\jre\bin\nio.dll
0x72cd0000 - 0x72ce6000 	C:\Windows\system32\CRYPTSP.dll
0x72c90000 - 0x72ccb000 	C:\Windows\system32\rsaenh.dll
0x72f80000 - 0x72f97000 	C:\Windows\system32\USERENV.dll
0x72f70000 - 0x72f7b000 	C:\Windows\system32\profapi.dll
0x6d600000 - 0x6d609000 	C:\Program Files (x86)\Java\jdk1.6.0_38\jre\bin\management.dll
0x6d880000 - 0x6d886000 	C:\Program Files (x86)\Java\jdk1.6.0_38\jre\bin\w2k_lsa_auth.dll
0x734b0000 - 0x734b8000 	C:\Windows\system32\Secur32.dll
0x73d80000 - 0x73d87000 	C:\Windows\system32\WSOCK32.dll
0x6d3c0000 - 0x6d3c6000 	C:\Program Files (x86)\Java\jdk1.6.0_38\jre\bin\jaas_nt.dll
0x76820000 - 0x76825000 	C:\Windows\system32\PSAPI.DLL

VM Arguments:
jvm_args: -agentlib:jdwp=transport=dt_socket,suspend=y,address=localhost:50244 -Drjrcontext=/ -Drjrwebapp=E:\Workspace\microscope\microscope-web\src\main\webapp -Drjrport=8080 -Drjrsslport=8443 -Drjrkeystore=C:\Users\Administrator\.keystore -Drjrkeypassword=changeit -Drjrpassword=changeit -Drjrscanintervalseconds=5 -Drjrenablescanner=false -DrjrignoreScanClassFile=true -Drjrenablessl=false -Drjrneedclientauth=false -Drjrparentloaderpriority=true -DrjrenbaleJNDI=false -XX:MaxPermSize=128m -Drjrclasspath=file://E:\Workspace\.metadata\.plugins\runjettyrun\microscope-web.classpath -Drjrscanlist=file://E:\Workspace\.metadata\.plugins\runjettyrun\microscope-web.scanlist -DrjrResourceMapping= -DrjrEclipseListener=54904 -Dfile.encoding=UTF-8 
java_command: runjettyrun.Bootstrap
Launcher Type: SUN_STANDARD

Environment Variables:
JAVA_HOME=C:\Program Files (x86)\Java\jdk1.7.0_02
PATH=C:\Program Files (x86)\Java\jdk1.6.0_38\jre\bin;C:/Program Files (x86)/Java/jre7/bin/client;C:/Program Files (x86)/Java/jre7/bin;C:/Program Files (x86)/Java/jre7/lib/i386;C:\Program Files (x86)\Common Files\NetSarang;C:\Windows\system32;C:\Windows;C:\Windows\System32\Wbem;C:\Windows\System32\WindowsPowerShell\v1.0\;C:\Program Files (x86)\Java\jdk1.7.0_02\bin;E:\Program\apache-maven-3.0.5\bin;E:\Program\scala-2.9.1\bin;C:\Users\Administrator\Desktop\sbt\sbt.bat;C:\Program Files (x86)\Git\cmd;C:\Program Files (x86)\sbt\;C:\Program Files\TortoiseGit\bin;C:\Program Files (x86)\SSH Communications Security\SSH Secure Shell;E:\Program\eclipse;
USERNAME=Administrator
OS=Windows_NT
PROCESSOR_IDENTIFIER=Intel64 Family 6 Model 58 Stepping 9, GenuineIntel



---------------  S Y S T E M  ---------------

OS: Windows 7 , 64 bit Build 7601 Service Pack 1

CPU:total 4 (4 cores per cpu, 1 threads per core) family 6 model 58 stepping 9, cmov, cx8, fxsr, mmx, sse, sse2, sse3, ssse3, sse4.1, sse4.2, popcnt

Memory: 4k page, physical 8357984k(3768148k free), swap 16714116k(11173304k free)

vm_info: Java HotSpot(TM) Client VM (20.13-b02) for windows-x86 JRE (1.6.0_38-b05), built on Nov 14 2012 01:54:26 by "java_re" with MS VC++ 7.1 (VS2003)

time: Thu Oct 24 14:18:27 2013
elapsed time: 638 seconds

